C51 COMPILER V9.00   STC15W4K_PWM                                                          08/11/2016 02:43:00 PAGE 1   


C51 COMPILER V9.00, COMPILATION OF MODULE STC15W4K_PWM
OBJECT MODULE PLACED IN STC15W4K-PWM.OBJ
COMPILER INVOKED BY: D:\STC-Keil4\C51\BIN\C51.EXE STC15W4K-PWM.C LARGE BROWSE DEBUG OBJECTEXTEND

line level    source

   1          #include <STC15W4K48S4.h>       //STC15W4K48S4 单片机头文件
   2          #include <STC15W4K-PWM.H>       //单片机所有IO口初始化-PWM口初始化
   3          //--------------------------------------------------//
   4          //  单片机所有IO口初始化-PWM口初始化 函数
   5          //--------------------------------------------------//
   6          void PWMGO(void)
   7          {
   8   1              //所有I/O口全设为准双向，弱上拉模式
   9   1              P0M0=0x00;
  10   1              P0M1=0x00;
  11   1              P1M0=0x00;
  12   1              P1M1=0x00;
  13   1              P2M0=0x00;      
  14   1              P2M1=0x00;
  15   1              P3M0=0x00;
  16   1              P3M1=0x00;
  17   1              P4M0=0x00;
  18   1              P4M1=0x00;
  19   1              P5M0=0x00;
  20   1              P5M1=0x00;
  21   1              P6M0=0x00;
  22   1              P6M1=0x00;
  23   1              P7M0=0x00;
  24   1              P7M1=0x00;
  25   1              //设置需要使用的PWM输出口为强推挽模式
  26   1              P2M0=0x0e;
  27   1              P2M1=0x00;
  28   1              P3M0=0x80;
  29   1              P3M1=0x00;
  30   1              
  31   1              P_SW2=0x80;    //最高位置1才能访问和PWM相关的特殊寄存器
  32   1              
  33   1          PWMCFG=0xb0;    //7位    6位                5位    4位    3位    2位    1位    0位 
  34   1                              //置0  1-计数器归零触发ADC C7INI  C6INI  C5INI  C4INI  C3INI  C2INI
  35   1                              //     0-归零时不触发ADC       (值为1时上电高电平，为0低电平）   
  36   1              
  37   1              PWMCKS=0x10;    //7位6位5位    4位             3位    2位    1位    0位 
  38   1                              //   置0    0-系统时钟分频          分频参数设定
  39   1                              //          1-定时器2溢出       时钟=系统时钟/([3:0]+1)
  40   1              
  41   1              PWMIF=0x00;     //7位    6位                5位    4位    3位    2位    1位    0位 
  42   1                        //置0  计数器归零中断标志            相应PWM端口中断标志
  43   1              
  44   1              PWMFDCR=0x00;   //7位    6位       5位                4位     
  45   1                              //置0    置0 外部异常检测开关  外部异常时0-无反应 1-高阻状态
  46   1                              //3位             2位                 1位                0位      
  47   1                        //PWM异常中断  比较器与异常的关系   P2.4与异常的关系  PWM异常标志
  48   1      
  49   1              PWMCH=0x03;     //15位寄存器，决定PWM周期，数值为1-32767，单位：脉冲时钟
  50   1              PWMCL=0xe9;
  51   1              
  52   1      // 以下为每个PWM输出口单独设置
  53   1              PWM2CR=0x00;    //7位6位5位4位   3位      2位       1位        0位 
  54   1                              //    置0      输出切换 中断开关 T2中断开关 T1中断开关
  55   1              PWM3CR=0x00; 
C51 COMPILER V9.00   STC15W4K_PWM                                                          08/11/2016 02:43:00 PAGE 2   

  56   1              PWM4CR=0x00; 
  57   1              PWM5CR=0x00; 
  58   1              
  59   1              PWM2T1H=0x03;          //15位寄存器第一次翻转计数  第一次翻转是指从低电平翻转到高电平的计时
  60   1              PWM2T1L=0xe8;
  61   1              PWM2T2H=0x03;          //15位寄存器第二次翻转计数  第二次翻转是指从高电平翻转到低电平的计时
  62   1              PWM2T2L=0xe9;          //第二次翻转应比精度等级要高，否则会工作不正常，比如精度1000，第二次翻转就必须小于
             -1000
  63   1                
  64   1              PWM3T1H=0x03;
  65   1              PWM3T1L=0xe8;
  66   1              PWM3T2H=0x03;  
  67   1              PWM3T2L=0xe9;
  68   1                
  69   1              PWM4T1H=0x03;
  70   1              PWM4T1L=0xe8;
  71   1              PWM4T2H=0x03;  
  72   1              PWM4T2L=0xe9;
  73   1               
  74   1              PWM5T1H=0x03;
  75   1              PWM5T1L=0xe8;
  76   1              PWM5T2H=0x03;  
  77   1              PWM5T2L=0xe9;
  78   1              //以上为每个PWM输出口单独设置
  79   1      
  80   1              PWMCR=0x8f;     //7位          6位                5位 4位 3位 2位 1位 0位     10001111
  81   1                              //PWM开关 计数归零中断开关   相应I/O为GPIO模式(0)或PWM模式(1)                                                           
  82   1              PWMCKS=0x00;
  83   1      }
  84          //--------------------------------------------------//
  85          //  硬件PWM空占比控制 函数
  86          //本函数输入的4个值取值范围为0-1000 
  87          //1000电机停，0转速最高，
  88          //--------------------------------------------------//
  89          void PWM(unsigned int PWMa,unsigned int PWMb,unsigned int PWMc,unsigned int PWMd)
  90          {  
  91   1      //15位寄存器第一次翻转计数  第一次翻转是指从低电平翻转到高电平的计时
  92   1      
  93   1              PWM2T1H=PWMa>>8; 
  94   1              PWM2T1L=PWMa;
  95   1              
  96   1              PWM3T1H=PWMb>>8;
  97   1              PWM3T1L=PWMb;
  98   1              
  99   1              PWM4T1H=PWMc>>8;
 100   1              PWM4T1L=PWMc;
 101   1              
 102   1              PWM5T1H=PWMd>>8;
 103   1              PWM5T1L=PWMd;
 104   1      }


MODULE INFORMATION:   STATIC OVERLAYABLE
   CODE SIZE        =    226    ----
   CONSTANT SIZE    =   ----    ----
   XDATA SIZE       =   ----       8
   PDATA SIZE       =   ----    ----
   DATA SIZE        =   ----    ----
   IDATA SIZE       =   ----    ----
   BIT SIZE         =   ----    ----
END OF MODULE INFORMATION.


C51 COMPILATION COMPLETE.  0 WARNING(S),  0 ERROR(S)
